<?xml version="1.0" encoding="utf-8" standalone="no"?>
<!--This file represents the results of running a test suite-->
<test-results name="C:\Projects\Parlay\Source\Parlay.Tests\Parlay.nunit" total="1" errors="0" failures="0" not-run="0" inconclusive="0" ignored="0" skipped="0" invalid="0" date="2012-11-19" time="10:28:47">
  <environment nunit-version="2.6.2.12296" clr-version="2.0.50727.5466" os-version="Microsoft Windows NT 6.1.7601 Service Pack 1" platform="Win32NT" cwd="C:\Projects\Parlay\Lib\NUnit.Runners.2.6.2\tools" machine-name="CHADB" user="Chad" user-domain="CHADB" />
  <culture-info current-culture="en-US" current-uiculture="en-US" />
  <test-suite type="Project" name="C:\Projects\Parlay\Source\Parlay.Tests\Parlay.nunit" executed="True" result="Success" success="True" time="1.031" asserts="0">
    <results>
      <test-suite type="Assembly" name="C:\Projects\Parlay\Source\Parlay.Tests\bin\Debug\Parlay.Tests.dll" executed="True" result="Success" success="True" time="1.031" asserts="0">
        <results>
          <test-suite type="Namespace" name="Parlay" executed="True" result="Success" success="True" time="1.030" asserts="0">
            <results>
              <test-suite type="Namespace" name="Tests" executed="True" result="Success" success="True" time="1.030" asserts="0">
                <results>
                  <test-suite type="TestFixture" name="DiskCacheTests" executed="True" result="Success" success="True" time="1.030" asserts="0">
                    <results>
                      <test-case name="Parlay.Tests.DiskCacheTests.CacheTests.Expire" executed="True" result="Success" success="True" time="1.028" asserts="3" />
                    </results>
                  </test-suite>
                </results>
              </test-suite>
            </results>
          </test-suite>
        </results>
      </test-suite>
    </results>
  </test-suite>
</test-results>