<?xml version="1.0" encoding="utf-8" standalone="no"?>
<!--This file represents the results of running a test suite-->
<test-results name="C:\Projects\Parlay\Source\Parlay.nunit" total="1" errors="1" failures="0" not-run="0" inconclusive="0" ignored="0" skipped="0" invalid="0" date="2012-11-17" time="11:05:03">
  <environment nunit-version="2.6.2.12296" clr-version="2.0.50727.5466" os-version="Microsoft Windows NT 6.1.7601 Service Pack 1" platform="Win32NT" cwd="C:\Projects\Parlay\Lib\NUnit.Runners.2.6.2\tools" machine-name="CHADB" user="Chad" user-domain="CHADB" />
  <culture-info current-culture="en-US" current-uiculture="en-US" />
  <test-suite type="Project" name="C:\Projects\Parlay\Source\Parlay.nunit" executed="True" result="Failure" success="False" time="0.297" asserts="0">
    <results>
      <test-suite type="Assembly" name="C:\Projects\Parlay\Source\Parlay.Tests\bin\Debug\Parlay.Tests.dll" executed="True" result="Failure" success="False" time="0.250" asserts="0">
        <results>
          <test-suite type="Namespace" name="Parlay" executed="True" result="Failure" success="False" time="0.250" asserts="0">
            <results>
              <test-suite type="Namespace" name="Tests" executed="True" result="Failure" success="False" time="0.250" asserts="0">
                <results>
                  <test-suite type="TestFixture" name="DownloadClientConfigurationTests" executed="True" result="Failure" success="False" time="0.125" asserts="0">
                    <results>
                      <test-case name="Parlay.Tests.DownloadClientConfigurationTests.Default" executed="True" result="Error" success="False" time="0.094" asserts="0">
                        <failure>
                          <message><![CDATA[System.IO.FileNotFoundException : Could not load file or assembly 'Parlay, Version=1.0.0.0, Culture=en-US, PublicKeyToken=null' or one of its dependencies. The system cannot find the file specified.]]></message>
                          <stack-trace><![CDATA[at Parlay.Tests.DownloadClientConfigurationTests.Default()
]]></stack-trace>
                        </failure>
                      </test-case>
                    </results>
                  </test-suite>
                  <test-suite type="TestFixture" name="DownloadClientTests" executed="True" result="Inconclusive" success="False" time="0.000" asserts="0" />
                </results>
              </test-suite>
            </results>
          </test-suite>
        </results>
      </test-suite>
    </results>
  </test-suite>
</test-results>